<?xml version="1.0" encoding="UTF-8"?>
<testng-results skipped="0" failed="0" total="1" passed="1">
  <reporter-output>
  </reporter-output>
  <suite name="Surefire suite" duration-ms="9414" started-at="2020-06-06T14:32:28Z" finished-at="2020-06-06T14:32:38Z">
    <groups>
      <group name="cucumber">
        <method signature="AbstractTestNGCucumberTests.runScenario(cucumber.api.testng.PickleEventWrapper, cucumber.api.testng.CucumberFeatureWrapper)[pri:0, instance:RunCucumberTest@5ec0a365]" name="runScenario" class="cucumber.api.testng.AbstractTestNGCucumberTests"/>
      </group> <!-- cucumber -->
    </groups>
    <test name="Surefire test" duration-ms="9414" started-at="2020-06-06T14:32:28Z" finished-at="2020-06-06T14:32:38Z">
      <class name="RunCucumberTest">
        <test-method status="PASS" signature="setUpClass()[pri:0, instance:RunCucumberTest@5ec0a365]" name="setUpClass" is-config="true" duration-ms="126" started-at="2020-06-06T15:32:28Z" finished-at="2020-06-06T15:32:28Z">
          <reporter-output>
          </reporter-output>
        </test-method> <!-- setUpClass -->
        <test-method status="PASS" signature="runScenario(cucumber.api.testng.PickleEventWrapper, cucumber.api.testng.CucumberFeatureWrapper)[pri:0, instance:RunCucumberTest@5ec0a365]" name="runScenario" duration-ms="9188" started-at="2020-06-06T15:32:28Z" description="Runs Cucumber Scenarios" data-provider="scenarios" finished-at="2020-06-06T15:32:38Z">
          <params>
            <param index="0">
              <value>
                <![CDATA["Open assignment scenario"]]>
              </value>
            </param>
            <param index="1">
              <value>
                <![CDATA["Creates and submit application"]]>
              </value>
            </param>
          </params>
          <reporter-output>
          </reporter-output>
        </test-method> <!-- runScenario -->
        <test-method status="PASS" signature="tearDownClass()[pri:0, instance:RunCucumberTest@5ec0a365]" name="tearDownClass" is-config="true" duration-ms="50" started-at="2020-06-06T15:32:38Z" finished-at="2020-06-06T15:32:38Z">
          <reporter-output>
          </reporter-output>
        </test-method> <!-- tearDownClass -->
      </class> <!-- RunCucumberTest -->
    </test> <!-- Surefire test -->
  </suite> <!-- Surefire suite -->
</testng-results>
