<?xml version="1.0" encoding="UTF-8"?>
<testsuite xmlns:xsi="http://www.w3.org/2001/XMLSchema-instance" xsi:noNamespaceSchemaLocation="https://maven.apache.org/surefire/maven-surefire-plugin/xsd/surefire-test-report.xsd" name="TestSuite" time="205.106" tests="1" errors="0" skipped="0" failures="1">
  <properties>
[...]
</properties>
  <testcase name="runScenario" classname="RunCucumberTest" time="203.087">
    <failure message="no such element: Unable to locate element: {&quot;method&quot;:&quot;xpath&quot;,&quot;selector&quot;:&quot;//a[contains(.,&apos;Back&apos;)]&quot;}&#10;  (Session info: chrome=83.0.4103.97)&#10;For documentation on this error, please visit: https://www.seleniumhq.org/exceptions/no_such_element.html&#10;Build info: version: &apos;3.141.59&apos;, revision: &apos;e82be7d358&apos;, time: &apos;2018-11-14T08:17:03&apos;&#10;System info: host: &apos;LAPTOP-KJ412AR3&apos;, ip: &apos;192.168.225.186&apos;, os.name: &apos;Windows 10&apos;, os.arch: &apos;amd64&apos;, os.version: &apos;10.0&apos;, java.version: &apos;1.8.0_251&apos;&#10;Driver info: org.openqa.selenium.chrome.ChromeDriver&#10;Capabilities {acceptInsecureCerts: false, browserName: chrome, browserVersion: 83.0.4103.97, chrome: {chromedriverVersion: 83.0.4103.39 (ccbf011cb2d2b..., userDataDir: C:\Users\User\AppData\Local...}, goog:chromeOptions: {debuggerAddress: localhost:55730}, javascriptEnabled: true, networkConnectionEnabled: false, pageLoadStrategy: normal, platform: WINDOWS, platformName: WINDOWS, proxy: Proxy(), setWindowRect: true, strictFileInteractability: false, timeouts: {implicit: 0, pageLoad: 300000, script: 30000}, unhandledPromptBehavior: dismiss and notify, webauthn:virtualAuthenticators: true}&#10;Session ID: df13b5e4aae320931e52e36db5daf131&#10;*** Element info: {Using=xpath, value=//a[contains(.,&apos;Back&apos;)]}&#10;Build info: version: &apos;3.141.59&apos;, revision: &apos;e82be7d358&apos;, time: &apos;2018-11-14T08:17:03&apos;&#10;System info: host: &apos;LAPTOP-KJ412AR3&apos;, ip: &apos;192.168.225.186&apos;, os.name: &apos;Windows 10&apos;, os.arch: &apos;amd64&apos;, os.version: &apos;10.0&apos;, java.version: &apos;1.8.0_251&apos;&#10;Driver info: driver.version: unknown" type="com.pega.exceptions.PegaElementNotFoundException">com.pega.exceptions.PegaElementNotFoundException: 
no such element: Unable to locate element: {"method":"xpath","selector":"//a[contains(.,'Back')]"}
  (Session info: chrome=83.0.4103.97)
For documentation on this error, please visit: https://www.seleniumhq.org/exceptions/no_such_element.html
Build info: version: '3.141.59', revision: 'e82be7d358', time: '2018-11-14T08:17:03'
System info: host: 'LAPTOP-KJ412AR3', ip: '192.168.225.186', os.name: 'Windows 10', os.arch: 'amd64', os.version: '10.0', java.version: '1.8.0_251'
Driver info: org.openqa.selenium.chrome.ChromeDriver
Capabilities {acceptInsecureCerts: false, browserName: chrome, browserVersion: 83.0.4103.97, chrome: {chromedriverVersion: 83.0.4103.39 (ccbf011cb2d2b..., userDataDir: C:\Users\User\AppData\Local...}, goog:chromeOptions: {debuggerAddress: localhost:55730}, javascriptEnabled: true, networkConnectionEnabled: false, pageLoadStrategy: normal, platform: WINDOWS, platformName: WINDOWS, proxy: Proxy(), setWindowRect: true, strictFileInteractability: false, timeouts: {implicit: 0, pageLoad: 300000, script: 30000}, unhandledPromptBehavior: dismiss and notify, webauthn:virtualAuthenticators: true}
Session ID: df13b5e4aae320931e52e36db5daf131
*** Element info: {Using=xpath, value=//a[contains(.,'Back')]}
Build info: version: '3.141.59', revision: 'e82be7d358', time: '2018-11-14T08:17:03'
System info: host: 'LAPTOP-KJ412AR3', ip: '192.168.225.186', os.name: 'Windows 10', os.arch: 'amd64', os.version: '10.0', java.version: '1.8.0_251'
Driver info: driver.version: unknown
</failure>
    <system-out><![CDATA[22:00:00.058 [PoolService-0] INFO  com.pega.config.SUTConfig - Setting is.pipeline.run property to false
22:00:00.122 [PoolService-0] INFO  com.pega.config.SUTConfig - Debug mode is: true
22:00:00.123 [PoolService-0] INFO  com.pega.TestEnvironmentImpl - Logger level is set to : INFO
22:00:06.297 [PoolService-0] INFO  com.pega.config.util.GetChromeDriver - Chrome Version: 83	ChromeDriver version needed:83.0.4103.39
22:00:06.298 [PoolService-0] INFO  com.pega.config.util.GetChromeDriver - Required chromedriver version is already available. Not attempting to download any new version
22:00:17.139 [PoolService-0] INFO  com.pega.drivers.PegaChromeDriver - Chrome Driver launched successfully
22:00:17.811 [PoolService-0] INFO  com.pega.TestEnvironmentImpl - Driver is initialised::ChromeDriver: chrome on WINDOWS (df13b5e4aae320931e52e36db5daf131)
22:00:17.845 [PoolService-0] INFO  com.pega.Browser - Opening the URL
22:00:20.265 [PoolService-0] INFO  com.pega.Browser - Opening the URL
22:00:20.902 [PoolService-0] INFO  com.pega.Browser - Logging in the user
22:00:20.904 [PoolService-0] INFO  com.pega.framework.PegaWebDriver - element identification by logic:By.id: txtUserID
22:00:21.724 [PoolService-0] INFO  com.pega.framework.PegaWebDriver - element identification by logic:By.id: txtPassword
22:00:22.551 [PoolService-0] INFO  com.pega.framework.PegaWebDriver - element identification by logic:By.name: pyActivity=Code-Security.Login
22:00:34.388 [PoolService-0] INFO  com.pega.framework.PegaWebDriver - element identification by logic:By.xpath: //span[@class='menu-item-title'][contains(.,'New project')]
22:00:35.898 [PoolService-0] INFO  com.pega.sync.WaitForDocStateReady - Document currently active, waiting entire document to load

22:00:37.148 [PoolService-0] INFO  com.pega.sync.Throbber - Throbbing never started
22:00:37.186 [PoolService-0] INFO  com.pega.framework.PegaWebDriver - element identification by logic:By.xpath: /html[1]/body[1]/div[3]/main[1]/div[1]/div[1]/form[1]/div[3]/div[1]/section[1]/div[1]/span[1]/div[1]/div[1]/div[1]/div[1]/div[1]/div[1]/div[1]/div[1]/div[1]/div[1]/div[1]/div[1]/div[1]/div[1]/div[1]/span[1]
22:00:37.496 [PoolService-0] INFO  com.pega.sync.WaitForDocStateReady - Document currently active, waiting entire document to load
.
22:00:38.690 [PoolService-0] INFO  com.pega.sync.Throbber - Throbbing never started
22:00:38.727 [PoolService-0] INFO  com.pega.framework.PegaWebDriver - element identification by logic:By.xpath: //button[@title='Create this item']
22:00:38.953 [PoolService-0] INFO  com.pega.sync.WaitForDocStateReady - Document currently active, waiting entire document to load
.22:00:40.660 [PoolService-0] ERROR com.pega.framework.WaitHandler - Error while waiting for throbber in verifyAndWaitIfThrobberPresent():stale element reference: element is not attached to the page document
  (Session info: chrome=83.0.4103.97)
For documentation on this error, please visit: https://www.seleniumhq.org/exceptions/stale_element_reference.html
Build info: version: '3.141.59', revision: 'e82be7d358', time: '2018-11-14T08:17:03'
System info: host: 'LAPTOP-KJ412AR3', ip: '192.168.225.186', os.name: 'Windows 10', os.arch: 'amd64', os.version: '10.0', java.version: '1.8.0_251'
Driver info: org.openqa.selenium.chrome.ChromeDriver
Capabilities {acceptInsecureCerts: false, browserName: chrome, browserVersion: 83.0.4103.97, chrome: {chromedriverVersion: 83.0.4103.39 (ccbf011cb2d2b..., userDataDir: C:\Users\User\AppData\Local...}, goog:chromeOptions: {debuggerAddress: localhost:55730}, javascriptEnabled: true, networkConnectionEnabled: false, pageLoadStrategy: normal, platform: WINDOWS, platformName: WINDOWS, proxy: Proxy(), setWindowRect: true, strictFileInteractability: false, timeouts: {implicit: 0, pageLoad: 300000, script: 30000}, unhandledPromptBehavior: dismiss and notify, webauthn:virtualAuthenticators: true}
Session ID: df13b5e4aae320931e52e36db5daf131
..
22:00:41.957 [PoolService-0] INFO  com.pega.sync.Throbber - Throbbing never started
22:00:42.062 [PoolService-0] INFO  com.pega.framework.PegaWebDriver - element identification by logic:By.xpath: //input[contains(@name,'pShortTitle')]
22:00:42.538 [PoolService-0] INFO  com.pega.framework.PegaWebDriver - element identification by logic:By.xpath: //input[contains(@name,'pFunder')]
22:00:50.559 [PoolService-0] INFO  com.pega.framework.PegaWebElement - By.id: ISnsSelect
22:00:50.596 [PoolService-0] INFO  com.pega.framework.PegaWebElement - By.xpath: //span[@class='match-highlight'][text()='Sahul.User']
22:00:50.994 [PoolService-0] INFO  com.pega.sync.WaitForDocStateReady - Document currently active, waiting entire document to load
.....22:00:51.640 [PoolService-0] ERROR com.pega.framework.WaitHandler - Error while waiting for throbber in verifyAndWaitIfThrobberPresent():no such element: Unable to locate element: {"method":"xpath","selector":"//*[@class='throbber']"}
  (Session info: chrome=83.0.4103.97)
For documentation on this error, please visit: https://www.seleniumhq.org/exceptions/no_such_element.html
Build info: version: '3.141.59', revision: 'e82be7d358', time: '2018-11-14T08:17:03'
System info: host: 'LAPTOP-KJ412AR3', ip: '192.168.225.186', os.name: 'Windows 10', os.arch: 'amd64', os.version: '10.0', java.version: '1.8.0_251'
Driver info: org.openqa.selenium.chrome.ChromeDriver
Capabilities {acceptInsecureCerts: false, browserName: chrome, browserVersion: 83.0.4103.97, chrome: {chromedriverVersion: 83.0.4103.39 (ccbf011cb2d2b..., userDataDir: C:\Users\User\AppData\Local...}, goog:chromeOptions: {debuggerAddress: localhost:55730}, javascriptEnabled: true, networkConnectionEnabled: false, pageLoadStrategy: normal, platform: WINDOWS, platformName: WINDOWS, proxy: Proxy(), setWindowRect: true, strictFileInteractability: false, timeouts: {implicit: 0, pageLoad: 300000, script: 30000}, unhandledPromptBehavior: dismiss and notify, webauthn:virtualAuthenticators: true}
Session ID: df13b5e4aae320931e52e36db5daf131
*** Element info: {Using=xpath, value=//*[@class='throbber']}
..
22:00:59.557 [PoolService-0] INFO  com.pega.framework.PegaWebElement - By.id: ISnsSelect
22:00:59.605 [PoolService-0] INFO  com.pega.framework.PegaWebElement - By.xpath: //span[@class='match-highlight'][text()='GSK']
22:00:59.992 [PoolService-0] INFO  com.pega.sync.WaitForDocStateReady - Document currently active, waiting entire document to load
....
22:01:00.435 [PoolService-0] INFO  com.pega.framework.PegaWebDriver - element identification by logic:By.xpath: //input[contains(@name,'pEudraCTID')]
22:01:01.040 [PoolService-0] INFO  com.pega.framework.PegaWebDriver - element identification by logic:By.xpath: //label[@for='49648c4bYes'][contains(.,'Yes')]
22:01:01.341 [PoolService-0] INFO  com.pega.sync.WaitForDocStateReady - Document currently active, waiting entire document to load

22:01:02.570 [PoolService-0] INFO  com.pega.sync.Throbber - Throbbing never started
22:01:02.631 [PoolService-0] INFO  com.pega.framework.PegaWebDriver - element identification by logic:By.xpath: //label[@for='026cf773No'][contains(.,'No')]
22:01:02.942 [PoolService-0] INFO  com.pega.sync.WaitForDocStateReady - Document currently active, waiting entire document to load

22:01:04.185 [PoolService-0] INFO  com.pega.sync.Throbber - Throbbing never started
22:01:04.243 [PoolService-0] INFO  com.pega.framework.PegaWebDriver - element identification by logic:By.xpath: //label[@for='fa53f7dfNo'][contains(.,'No')]
22:01:04.584 [PoolService-0] INFO  com.pega.sync.WaitForDocStateReady - Document currently active, waiting entire document to load

22:01:05.845 [PoolService-0] INFO  com.pega.sync.Throbber - Throbbing never started
22:01:05.903 [PoolService-0] INFO  com.pega.framework.PegaWebDriver - element identification by logic:By.xpath: //label[@for='577285b2No'][contains(.,'No')]
22:01:06.215 [PoolService-0] INFO  com.pega.sync.WaitForDocStateReady - Document currently active, waiting entire document to load

22:01:07.428 [PoolService-0] INFO  com.pega.sync.Throbber - Throbbing never started
22:01:07.493 [PoolService-0] INFO  com.pega.framework.PegaWebDriver - element identification by logic:By.xpath: //label[@for='b7181259No'][contains(.,'No')]
22:01:07.780 [PoolService-0] INFO  com.pega.sync.WaitForDocStateReady - Document currently active, waiting entire document to load

22:01:09.028 [PoolService-0] INFO  com.pega.sync.Throbber - Throbbing never started
22:01:09.126 [PoolService-0] INFO  com.pega.framework.PegaWebDriver - element identification by logic:By.xpath: //label[@for='5a720e98No'][contains(.,'No')]
22:01:09.411 [PoolService-0] INFO  com.pega.sync.WaitForDocStateReady - Document currently active, waiting entire document to load
.
22:01:10.712 [PoolService-0] INFO  com.pega.sync.Throbber - Throbbing never started
22:01:10.762 [PoolService-0] INFO  com.pega.framework.PegaWebDriver - element identification by logic:By.xpath: //label[@for='7828ec26No'][contains(.,'No')]
22:01:11.011 [PoolService-0] INFO  com.pega.sync.WaitForDocStateReady - Document currently active, waiting entire document to load
.
22:01:12.316 [PoolService-0] INFO  com.pega.sync.Throbber - Throbbing never started
22:01:12.393 [PoolService-0] INFO  com.pega.framework.PegaWebDriver - element identification by logic:By.xpath: //button[contains(@title,'Complete this assignment')]
22:01:14.509 [PoolService-0] INFO  com.pega.sync.WaitForDocStateReady - Document currently active, waiting entire document to load
......22:01:15.220 [PoolService-0] ERROR com.pega.framework.WaitHandler - Error while waiting for throbber in verifyAndWaitIfThrobberPresent():stale element reference: element is not attached to the page document
  (Session info: chrome=83.0.4103.97)
For documentation on this error, please visit: https://www.seleniumhq.org/exceptions/stale_element_reference.html
Build info: version: '3.141.59', revision: 'e82be7d358', time: '2018-11-14T08:17:03'
System info: host: 'LAPTOP-KJ412AR3', ip: '192.168.225.186', os.name: 'Windows 10', os.arch: 'amd64', os.version: '10.0', java.version: '1.8.0_251'
Driver info: org.openqa.selenium.chrome.ChromeDriver
Capabilities {acceptInsecureCerts: false, browserName: chrome, browserVersion: 83.0.4103.97, chrome: {chromedriverVersion: 83.0.4103.39 (ccbf011cb2d2b..., userDataDir: C:\Users\User\AppData\Local...}, goog:chromeOptions: {debuggerAddress: localhost:55730}, javascriptEnabled: true, networkConnectionEnabled: false, pageLoadStrategy: normal, platform: WINDOWS, platformName: WINDOWS, proxy: Proxy(), setWindowRect: true, strictFileInteractability: false, timeouts: {implicit: 0, pageLoad: 300000, script: 30000}, unhandledPromptBehavior: dismiss and notify, webauthn:virtualAuthenticators: true}
Session ID: df13b5e4aae320931e52e36db5daf131
.
22:01:16.483 [PoolService-0] INFO  com.pega.sync.Throbber - Throbbing never started
22:01:16.546 [PoolService-0] INFO  com.pega.framework.PegaWebDriver - element identification by logic:By.xpath: //a[contains(@name, 'StudyInformation')]
22:01:16.822 [PoolService-0] INFO  com.pega.sync.WaitForDocStateReady - Document currently active, waiting entire document to load
......
22:01:18.717 [PoolService-0] INFO  com.pega.sync.Throbber - Throbbing never started
22:01:19.767 [PoolService-0] INFO  com.pega.framework.PegaWebDriver - element identification by logic:By.xpath: //input[contains(@name,'InEngland') and @type='checkbox']
22:01:20.114 [PoolService-0] INFO  com.pega.sync.WaitForDocStateReady - Document currently active, waiting entire document to load

22:01:21.331 [PoolService-0] INFO  com.pega.sync.Throbber - Throbbing never started
22:01:21.404 [PoolService-0] INFO  com.pega.framework.PegaWebDriver - element identification by logic:By.xpath: //input[contains(@name,'InScotland') and @type='checkbox']
22:01:21.677 [PoolService-0] INFO  com.pega.sync.WaitForDocStateReady - Document currently active, waiting entire document to load

22:01:22.880 [PoolService-0] INFO  com.pega.sync.Throbber - Throbbing never started
22:01:23.009 [PoolService-0] INFO  com.pega.framework.PegaWebDriver - element identification by logic:By.xpath: //label[@for='fc105c6bSingle Centre'][contains(.,'Single Centre')]
22:01:23.348 [PoolService-0] INFO  com.pega.sync.WaitForDocStateReady - Document currently active, waiting entire document to load

22:01:24.572 [PoolService-0] INFO  com.pega.sync.Throbber - Throbbing never started
22:01:24.628 [PoolService-0] INFO  com.pega.framework.PegaWebDriver - element identification by logic:By.xpath: //input[contains(@name,'ResearchTakesPlace')]
22:01:25.399 [PoolService-0] INFO  com.pega.framework.PegaWebDriver - element identification by logic:By.xpath: //label[@for='df29f4caYes'][contains(.,'Yes')]
22:01:25.700 [PoolService-0] INFO  com.pega.sync.WaitForDocStateReady - Document currently active, waiting entire document to load
.
22:01:26.994 [PoolService-0] INFO  com.pega.sync.Throbber - Throbbing never started
22:01:27.063 [PoolService-0] INFO  com.pega.framework.PegaWebDriver - element identification by logic:By.xpath: //select[contains(@name,'SponsorStatus')]
22:01:28.483 [PoolService-0] INFO  com.pega.sync.Throbber - Throbbing never started
22:01:28.567 [PoolService-0] INFO  com.pega.framework.PegaWebDriver - element identification by logic:By.xpath: //select[@id='ec03b462']
22:01:29.019 [PoolService-0] INFO  com.pega.framework.PegaWebDriver - element identification by logic:By.xpath: //input[@id='313eb85e']
22:01:29.722 [PoolService-0] INFO  com.pega.framework.PegaWebDriver - element identification by logic:By.xpath: //input[@id='8186c7a9']
22:01:30.001 [PoolService-0] INFO  com.pega.framework.PegaWebDriver - element identification by logic:By.xpath: //input[@id='de238101']
22:01:30.421 [PoolService-0] INFO  com.pega.framework.PegaWebDriver - element identification by logic:By.xpath: //input[contains(@name,'Department')]
22:01:31.218 [PoolService-0] INFO  com.pega.framework.PegaWebDriver - element identification by logic:By.xpath: //input[@id='28a9540d']
22:01:31.541 [PoolService-0] INFO  com.pega.framework.PegaWebDriver - element identification by logic:By.xpath: //input[@id='c44f5885']
22:01:32.042 [PoolService-0] INFO  com.pega.framework.PegaWebDriver - element identification by logic:By.xpath: //input[@id='d0f0dce5']
22:01:32.510 [PoolService-0] INFO  com.pega.framework.PegaWebDriver - element identification by logic:By.xpath: //input[@id='8187046d']
22:01:32.831 [PoolService-0] INFO  com.pega.framework.PegaWebDriver - element identification by logic:By.xpath: //input[@id='540b266a']
22:01:33.194 [PoolService-0] INFO  com.pega.framework.PegaWebDriver - element identification by logic:By.xpath: //input[@id='16bb35e8']
22:01:33.807 [PoolService-0] INFO  com.pega.framework.PegaWebDriver - element identification by logic:By.xpath: //input[@id='432e4522']
22:01:34.123 [PoolService-0] INFO  com.pega.framework.PegaWebDriver - element identification by logic:By.xpath: //input[@id='6ce2c573']
22:01:34.533 [PoolService-0] INFO  com.pega.framework.PegaWebDriver - element identification by logic:By.xpath: //input[contains(@name,'OrchidID')]
22:01:34.923 [PoolService-0] INFO  com.pega.framework.PegaWebDriver - element identification by logic:By.xpath: //label[@for='0693de8bWales'][contains(.,'Wales')]
22:01:35.177 [PoolService-0] INFO  com.pega.sync.WaitForDocStateReady - Document currently active, waiting entire document to load

22:01:36.414 [PoolService-0] INFO  com.pega.sync.Throbber - Throbbing never started
22:01:36.500 [PoolService-0] INFO  com.pega.framework.PegaWebDriver - element identification by logic:By.xpath: //label[@for='2bc885eaNo'][contains(.,'No')]
22:01:36.856 [PoolService-0] INFO  com.pega.sync.WaitForDocStateReady - Document currently active, waiting entire document to load
.
22:01:38.206 [PoolService-0] INFO  com.pega.sync.Throbber - Throbbing never started
22:01:38.281 [PoolService-0] INFO  com.pega.framework.PegaWebDriver - element identification by logic:By.xpath: //label[@for='930341c1Yes'][contains(.,'Yes')]
22:01:38.514 [PoolService-0] INFO  com.pega.sync.WaitForDocStateReady - Document currently active, waiting entire document to load

22:01:39.769 [PoolService-0] INFO  com.pega.sync.Throbber - Throbbing never started
22:01:39.853 [PoolService-0] INFO  com.pega.framework.PegaWebDriver - element identification by logic:By.xpath: //label[@for='c4d708e1No'][contains(.,'No')]
22:01:40.148 [PoolService-0] INFO  com.pega.sync.WaitForDocStateReady - Document currently active, waiting entire document to load
.
22:01:41.449 [PoolService-0] INFO  com.pega.sync.Throbber - Throbbing never started
22:01:41.508 [PoolService-0] INFO  com.pega.framework.PegaWebDriver - element identification by logic:By.xpath: //label[@for='ac7ad0d3Yes'][contains(.,'Yes')]
22:01:41.823 [PoolService-0] INFO  com.pega.sync.WaitForDocStateReady - Document currently active, waiting entire document to load

22:01:43.081 [PoolService-0] INFO  com.pega.sync.Throbber - Throbbing never started
22:01:43.159 [PoolService-0] INFO  com.pega.framework.PegaWebDriver - element identification by logic:By.xpath: //label[@for='51dda2e6No'][contains(.,'No')]
22:01:43.437 [PoolService-0] INFO  com.pega.sync.WaitForDocStateReady - Document currently active, waiting entire document to load
.
22:01:44.725 [PoolService-0] INFO  com.pega.sync.Throbber - Throbbing never started
22:01:44.820 [PoolService-0] INFO  com.pega.framework.PegaWebDriver - element identification by logic:By.xpath: //label[@for='fef55ca6No'][contains(.,'No')]
22:01:45.253 [PoolService-0] INFO  com.pega.sync.WaitForDocStateReady - Document currently active, waiting entire document to load

22:01:46.473 [PoolService-0] INFO  com.pega.sync.Throbber - Throbbing never started
22:01:46.516 [PoolService-0] INFO  com.pega.framework.PegaWebDriver - element identification by logic:By.xpath: //label[@for='8627fe56No'][contains(.,'No')]
22:01:46.767 [PoolService-0] INFO  com.pega.sync.WaitForDocStateReady - Document currently active, waiting entire document to load
.
22:01:48.050 [PoolService-0] INFO  com.pega.sync.Throbber - Throbbing never started
22:01:48.103 [PoolService-0] INFO  com.pega.framework.PegaWebDriver - element identification by logic:By.xpath: //input[contains(@name,'ActivelyInvolvedResearchDesign') and @value='true']
22:01:48.345 [PoolService-0] INFO  com.pega.sync.WaitForDocStateReady - Document currently active, waiting entire document to load

22:01:49.603 [PoolService-0] INFO  com.pega.sync.Throbber - Throbbing never started
22:01:49.660 [PoolService-0] INFO  com.pega.framework.PegaWebDriver - element identification by logic:By.xpath: //textarea[contains(@name,'ActiveInvolvementDetails')]
22:01:50.084 [PoolService-0] INFO  com.pega.framework.PegaWebDriver - element identification by logic:By.xpath: //input[@id='09a8bd05']
22:01:50.505 [PoolService-0] INFO  com.pega.sync.WaitForDocStateReady - Document currently active, waiting entire document to load

22:01:51.704 [PoolService-0] INFO  com.pega.sync.Throbber - Throbbing never started
22:01:51.759 [PoolService-0] INFO  com.pega.framework.PegaWebDriver - element identification by logic:By.xpath: //input[@id='29da07d3']
22:01:52.211 [PoolService-0] INFO  com.pega.framework.PegaWebDriver - element identification by logic:By.xpath: //input[@id='ac51db74']
22:01:52.609 [PoolService-0] INFO  com.pega.framework.PegaWebDriver - element identification by logic:By.xpath: //input[@id='0bd0d1fe']
22:01:53.193 [PoolService-0] INFO  com.pega.framework.PegaWebDriver - element identification by logic:By.xpath: //input[@id='4c3859d3']
22:01:53.638 [PoolService-0] INFO  com.pega.framework.PegaWebDriver - element identification by logic:By.xpath: //input[@id='28a9540d']
22:01:54.105 [PoolService-0] INFO  com.pega.framework.PegaWebDriver - element identification by logic:By.xpath: //input[@id='6cc3cb4f']
22:01:54.425 [PoolService-0] INFO  com.pega.framework.PegaWebDriver - element identification by logic:By.xpath: //input[@id='9a54e818']
22:01:54.882 [PoolService-0] INFO  com.pega.framework.PegaWebDriver - element identification by logic:By.xpath: //input[@id='560a70a2']
22:01:55.279 [PoolService-0] INFO  com.pega.framework.PegaWebDriver - element identification by logic:By.xpath: //input[@id='5f07743f']
22:01:55.686 [PoolService-0] INFO  com.pega.framework.PegaWebDriver - element identification by logic:By.xpath: //input[@id='d5fd1f7d']
22:01:56.276 [PoolService-0] INFO  com.pega.framework.PegaWebDriver - element identification by logic:By.xpath: //input[@id='5824ec0b']
22:01:56.627 [PoolService-0] INFO  com.pega.framework.PegaWebDriver - element identification by logic:By.xpath: //input[@id='87ae5ade']
22:01:57.115 [PoolService-0] INFO  com.pega.framework.PegaWebDriver - element identification by logic:By.xpath: //textarea[contains(@name,'SummaryOfStudy')]
22:01:58.119 [PoolService-0] INFO  com.pega.framework.PegaWebDriver - element identification by logic:By.xpath: //input[@id='f21ce3fd']
22:01:58.395 [PoolService-0] INFO  com.pega.sync.WaitForDocStateReady - Document currently active, waiting entire document to load

22:01:59.627 [PoolService-0] INFO  com.pega.sync.Throbber - Throbbing never started
22:01:59.700 [PoolService-0] INFO  com.pega.framework.PegaWebDriver - element identification by logic:By.xpath: //input[@id='1bdfb3bb']
22:02:00.100 [PoolService-0] INFO  com.pega.sync.WaitForDocStateReady - Document currently active, waiting entire document to load

22:02:01.405 [PoolService-0] INFO  com.pega.sync.Throbber - Throbbing never started
22:02:01.480 [PoolService-0] INFO  com.pega.framework.PegaWebDriver - element identification by logic:By.xpath: //textarea[@id='a03e9738']
22:02:02.399 [PoolService-0] INFO  com.pega.framework.PegaWebDriver - element identification by logic:By.xpath: //label[@for='38b98719No'][contains(.,'No')]
22:02:02.869 [PoolService-0] INFO  com.pega.sync.WaitForDocStateReady - Document currently active, waiting entire document to load

22:02:04.100 [PoolService-0] INFO  com.pega.sync.Throbber - Throbbing never started
22:02:04.178 [PoolService-0] INFO  com.pega.framework.PegaWebDriver - element identification by logic:By.xpath: //textarea[contains(@name,'ContinuedProvisionArrangements')]
22:02:05.090 [PoolService-0] INFO  com.pega.framework.PegaWebDriver - element identification by logic:By.xpath: //label[@for='161ba8b9No'][contains(.,'No')]
22:02:05.407 [PoolService-0] INFO  com.pega.sync.WaitForDocStateReady - Document currently active, waiting entire document to load
.
22:02:06.727 [PoolService-0] INFO  com.pega.sync.Throbber - Throbbing never started
22:02:06.784 [PoolService-0] INFO  com.pega.framework.PegaWebDriver - element identification by logic:By.xpath: //textarea[contains(@name,'LowUnderstandingArrangements')]
22:02:08.463 [PoolService-0] INFO  com.pega.framework.PegaWebDriver - element identification by logic:By.xpath: //textarea[contains(@name,'PhysicalSecurityArrangements')]
22:02:10.205 [PoolService-0] INFO  com.pega.framework.PegaWebDriver - element identification by logic:By.xpath: //label[@for='0c455e05No'][contains(.,'No')]
22:02:10.554 [PoolService-0] INFO  com.pega.sync.WaitForDocStateReady - Document currently active, waiting entire document to load

22:02:11.838 [PoolService-0] INFO  com.pega.sync.Throbber - Throbbing never started
22:02:11.919 [PoolService-0] INFO  com.pega.framework.PegaWebDriver - element identification by logic:By.xpath: //button[contains(@name,'QuestionSetWrapper') and @class='Strong pzhc pzbutton']
22:02:14.331 [PoolService-0] INFO  com.pega.sync.WaitForDocStateReady - Document currently active, waiting entire document to load
.22:02:14.584 [PoolService-0] ERROR com.pega.framework.WaitHandler - Error while waiting for throbber in verifyAndWaitIfThrobberPresent():no such element: Unable to locate element: {"method":"xpath","selector":"//*[@class='throbber']"}
  (Session info: chrome=83.0.4103.97)
For documentation on this error, please visit: https://www.seleniumhq.org/exceptions/no_such_element.html
Build info: version: '3.141.59', revision: 'e82be7d358', time: '2018-11-14T08:17:03'
System info: host: 'LAPTOP-KJ412AR3', ip: '192.168.225.186', os.name: 'Windows 10', os.arch: 'amd64', os.version: '10.0', java.version: '1.8.0_251'
Driver info: org.openqa.selenium.chrome.ChromeDriver
Capabilities {acceptInsecureCerts: false, browserName: chrome, browserVersion: 83.0.4103.97, chrome: {chromedriverVersion: 83.0.4103.39 (ccbf011cb2d2b..., userDataDir: C:\Users\User\AppData\Local...}, goog:chromeOptions: {debuggerAddress: localhost:55730}, javascriptEnabled: true, networkConnectionEnabled: false, pageLoadStrategy: normal, platform: WINDOWS, platformName: WINDOWS, proxy: Proxy(), setWindowRect: true, strictFileInteractability: false, timeouts: {implicit: 0, pageLoad: 300000, script: 30000}, unhandledPromptBehavior: dismiss and notify, webauthn:virtualAuthenticators: true}
Session ID: df13b5e4aae320931e52e36db5daf131
*** Element info: {Using=xpath, value=//*[@class='throbber']}
..
22:02:15.881 [PoolService-0] INFO  com.pega.sync.Throbber - Throbbing never started
22:02:15.979 [PoolService-0] INFO  com.pega.framework.PegaWebDriver - element identification by logic:By.xpath: //a[contains(.,'Back')]
]]></system-out>
    <system-err><![CDATA[Jun 11, 2020 9:59:55 PM cucumber.runtime.java.ObjectFactoryLoader loadSingleObjectFactory
WARNING: Use deprecated reflections to load ObjectFactory.
Starting ChromeDriver 83.0.4103.39 (ccbf011cb2d2b19b506d844400483861342c20cd-refs/branch-heads/4103@{#416}) on port 13779
Only local connections are allowed.
Please see https://chromedriver.chromium.org/security-considerations for suggestions on keeping ChromeDriver safe.
ChromeDriver was started successfully.
Jun 11, 2020 10:00:14 PM org.openqa.selenium.remote.ProtocolHandshake createSession
INFO: Detected dialect: W3C
]]></system-err>
  </testcase>
</testsuite>